pytest Morse_decoder.py
================================================= test session starts =================================================
platform win32 -- Python 3.10.13, pytest-7.1.2, pluggy-1.0.0
rootdir: D:\DataScience\AAA\1_semester\Python\Git_clone\Testing\issue-02
plugins: anyio-3.5.0
collected 3 items

Morse_decoder.py .F.                                                                                             [100%]

====================================================== FAILURES =======================================================
_______________________________________ test[.... ..  - .... . .-. .-HI THERE] ________________________________________

message = '.... ..  - .... . .-. .', result = 'HI THERE'

    @pytest.mark.parametrize(
        "message, result",
        [
            ("... --- ...", "SOS"),
            (".... ..  - .... . .-. .", "HI THERE"),
            (".---- .---- .---- .----", "1111"),
        ],
    )
    def test(message, result):
>       assert decode(message) == result
E       AssertionError: assert 'HITHERE' == 'HI THERE'
E         - HI THERE
E         ?   -
E         + HITHERE

Morse_decoder.py:44: AssertionError
=============================================== short test summary info ===============================================
FAILED Morse_decoder.py::test[.... ..  - .... . .-. .-HI THERE] - AssertionError: assert 'HITHERE' == 'HI THERE'
============================================= 1 failed, 2 passed in 0.53s =============================================